<?xml version="1.0" encoding="UTF-8"?>
<testsuite xmlns:xsi="http://www.w3.org/2001/XMLSchema-instance" xsi:noNamespaceSchemaLocation="https://maven.apache.org/surefire/maven-surefire-plugin/xsd/surefire-test-report.xsd" version="3.0.2" name="ron.com.projectmanager.ProjectmanagerApplicationTests" time="1.391" tests="1" errors="0" skipped="0" failures="0" flakes="0">
  <properties>
[...]
</properties>
  <testcase name="contextLoads" classname="ron.com.projectmanager.ProjectmanagerApplicationTests" time="0.445">
    <system-out><![CDATA[19:28:58.551 [main] INFO org.springframework.test.context.support.AnnotationConfigContextLoaderUtils -- Could not detect default configuration classes for test class [ron.com.projectmanager.ProjectmanagerApplicationTests]: ProjectmanagerApplicationTests does not declare any static, non-private, non-final, nested classes annotated with @Configuration.
19:28:58.615 [main] INFO org.springframework.boot.test.context.SpringBootTestContextBootstrapper -- Found @SpringBootConfiguration ron.com.projectmanager.ProjectmanagerApplication for test class ron.com.projectmanager.ProjectmanagerApplicationTests
19:28:58.662 [main] INFO org.springframework.test.context.support.AnnotationConfigContextLoaderUtils -- Could not detect default configuration classes for test class [ron.com.projectmanager.ProjectmanagerApplicationTests]: ProjectmanagerApplicationTests does not declare any static, non-private, non-final, nested classes annotated with @Configuration.
19:28:58.663 [main] INFO org.springframework.boot.test.context.SpringBootTestContextBootstrapper -- Found @SpringBootConfiguration ron.com.projectmanager.ProjectmanagerApplication for test class ron.com.projectmanager.ProjectmanagerApplicationTests

  .   ____          _            __ _ _
 /\\ / ___'_ __ _ _(_)_ __  __ _ \ \ \ \
( ( )\___ | '_ | '_| | '_ \/ _` | \ \ \ \
 \\/  ___)| |_)| | | | | || (_| |  ) ) ) )
  '  |____| .__|_| |_|_| |_\__, | / / / /
 =========|_|==============|___/=/_/_/_/

 :: Spring Boot ::                (v4.0.5)

2026-04-20T19:28:58.897-03:00  INFO 7722 --- [projectmanager] [           main] r.c.p.ProjectmanagerApplicationTests     : Starting ProjectmanagerApplicationTests using Java 22.0.1 with PID 7722 (started by ron in /Users/ron/IdeaProjects/ProjectManager/projectmanager)
2026-04-20T19:28:58.898-03:00  INFO 7722 --- [projectmanager] [           main] r.c.p.ProjectmanagerApplicationTests     : No active profile set, falling back to 1 default profile: "default"
2026-04-20T19:28:59.384-03:00  INFO 7722 --- [projectmanager] [           main] r.c.p.ProjectmanagerApplicationTests     : Started ProjectmanagerApplicationTests in 0.689 seconds (process running for 1.329)
]]></system-out>
    <system-err><![CDATA[Mockito is currently self-attaching to enable the inline-mock-maker. This will no longer work in future releases of the JDK. Please add Mockito as an agent to your build as described in Mockito's documentation: https://javadoc.io/doc/org.mockito/mockito-core/latest/org.mockito/org/mockito/Mockito.html#0.3
WARNING: A Java agent has been loaded dynamically (/Users/ron/.m2/repository/net/bytebuddy/byte-buddy-agent/1.17.8/byte-buddy-agent-1.17.8.jar)
WARNING: If a serviceability tool is in use, please run with -XX:+EnableDynamicAgentLoading to hide this warning
WARNING: If a serviceability tool is not in use, please run with -Djdk.instrument.traceUsage for more information
WARNING: Dynamic loading of agents will be disallowed by default in a future release
]]></system-err>
  </testcase>
</testsuite>